#
# There is insufficient memory for the Java Runtime Environment to continue.
# Native memory allocation (malloc) failed to allocate 1253776 bytes for Chunk::new
# Possible reasons:
#   The system is out of physical RAM or swap space
#   The process is running with CompressedOops enabled, and the Java Heap may be blocking the growth of the native heap
# Possible solutions:
#   Reduce memory load on the system
#   Increase physical memory or swap space
#   Check if swap backing store is full
#   Decrease Java heap size (-Xmx/-Xms)
#   Decrease number of Java threads
#   Decrease Java thread stack sizes (-Xss)
#   Set larger code cache with -XX:ReservedCodeCacheSize=
#   JVM is running with Unscaled Compressed Oops mode in which the Java heap is
#     placed in the first 4GB address space. The Java Heap base address is the
#     maximum limit for the native heap growth. Please use -XX:HeapBaseMinAddress
#     to set the Java Heap base and to place the Java Heap above 4GB virtual address.
# This output file may be truncated or incomplete.
#
#  Out of Memory Error (allocation.cpp:389), pid=85188, tid=0x0000000000017ca8
#
# JRE version: OpenJDK Runtime Environment (8.0) (build 1.8.0-25-microsoft-b00)
# Java VM: OpenJDK 64-Bit Server VM (25.71-b00 mixed mode windows-amd64 compressed oops)
# Failed to write core dump. Minidumps are not enabled by default on client versions of Windows
#

---------------  T H R E A D  ---------------

Current thread (0x0000000017629800):  JavaThread "C2 CompilerThread1" daemon [_thread_in_native, id=97448, stack(0x0000000018020000,0x0000000018120000)]

Stack: [0x0000000018020000,0x0000000018120000]
[error occurred during error reporting (printing stack bounds), id 0xc0000005]

Native frames: (J=compiled Java code, j=interpreted, Vv=VM code, C=native code)


Current CompileTask:
C2:   4201 2882       4       com.android.tools.r8.u.b.M0::a (345 bytes)


---------------  P R O C E S S  ---------------

Java Threads: ( => current thread )
  0x00000000187b9000 JavaThread "ForkJoinPool-1-worker-0" daemon [_thread_in_vm, id=100780, stack(0x0000000019040000,0x0000000019140000)]
  0x00000000187b8000 JavaThread "ForkJoinPool-1-worker-3" daemon [_thread_in_Java, id=93632, stack(0x0000000018f40000,0x0000000019040000)]
  0x00000000187b7800 JavaThread "ForkJoinPool-1-worker-2" daemon [_thread_in_Java, id=98040, stack(0x0000000018e40000,0x0000000018f40000)]
  0x00000000187b6800 JavaThread "ForkJoinPool-1-worker-1" daemon [_thread_in_Java, id=89720, stack(0x0000000018520000,0x0000000018620000)]
  0x0000000017664000 JavaThread "Service Thread" daemon [_thread_blocked, id=65384, stack(0x0000000018320000,0x0000000018420000)]
  0x000000001763c800 JavaThread "C1 CompilerThread3" daemon [_thread_in_native, id=69572, stack(0x0000000018220000,0x0000000018320000)]
  0x0000000017630000 JavaThread "C2 CompilerThread2" daemon [_thread_in_native, id=96912, stack(0x0000000018120000,0x0000000018220000)]
=>0x0000000017629800 JavaThread "C2 CompilerThread1" daemon [_thread_in_native, id=97448, stack(0x0000000018020000,0x0000000018120000)]
  0x0000000017625000 JavaThread "C2 CompilerThread0" daemon [_thread_in_native, id=82000, stack(0x0000000017f20000,0x0000000018020000)]
  0x0000000017636000 JavaThread "Attach Listener" daemon [_thread_blocked, id=97412, stack(0x0000000017e20000,0x0000000017f20000)]
  0x0000000017635000 JavaThread "Signal Dispatcher" daemon [_thread_blocked, id=100236, stack(0x0000000017d20000,0x0000000017e20000)]
  0x0000000017620800 JavaThread "Finalizer" daemon [_thread_blocked, id=78660, stack(0x0000000017b00000,0x0000000017c00000)]
  0x000000001581c000 JavaThread "Reference Handler" daemon [_thread_blocked, id=77612, stack(0x0000000017a00000,0x0000000017b00000)]
  0x0000000002afe800 JavaThread "main" [_thread_blocked, id=38892, stack(0x0000000002b00000,0x0000000002c00000)]

Other Threads:
  0x0000000015818000 VMThread [stack: 0x0000000017500000,0x0000000017600000] [id=94812]
  0x0000000017665000 WatcherThread [stack: 0x0000000018420000,0x0000000018520000] [id=88632]

VM state:not at safepoint (normal execution)

VM Mutex/Monitor currently owned by a thread: None

heap address: 0x00000000c0000000, size: 1024 MB, Compressed Oops mode: 32-bit
Narrow klass base: 0x0000000000000000, Narrow klass shift: 3
Compressed class space size: 1073741824 Address: 0x0000000100000000

Heap:
 PSYoungGen      total 297472K, used 171056K [0x00000000eab00000, 0x00000000ff200000, 0x0000000100000000)
  eden space 264704K, 54% used [0x00000000eab00000,0x00000000f38876e0,0x00000000fad80000)
  from space 32768K, 79% used [0x00000000fcf00000,0x00000000fe884c80,0x00000000fef00000)
  to   space 34304K, 0% used [0x00000000fad80000,0x00000000fad80000,0x00000000fcf00000)
 ParOldGen       total 87552K, used 62934K [0x00000000c0000000, 0x00000000c5580000, 0x00000000eab00000)
  object space 87552K, 71% used [0x00000000c0000000,0x00000000c3d75958,0x00000000c5580000)
 Metaspace       used 13301K, capacity 14278K, committed 14336K, reserved 1060864K
  class space    used 1742K, capacity 1991K, committed 2048K, reserved 1048576K

Card table byte_map: [0x00000000120c0000,0x00000000122d0000] byte_map_base: 0x0000000011ac0000

Marking Bits: (ParMarkBitMap*) 0x0000000072ac8f30
 Begin Bits: [0x0000000012c30000, 0x0000000013c30000)
 End Bits:   [0x0000000013c30000, 0x0000000014c30000)

Polling page: 0x0000000000df0000

CodeCache: size=245760Kb used=11063Kb max_used=11063Kb free=234696Kb
 bounds [0x0000000002d00000, 0x00000000037e0000, 0x0000000011d00000]
 total_blobs=3418 nmethods=3083 adapters=247
 compilation: enabled

Compilation events (10 events):
Event: 4.166 Thread 0x000000001763c800 nmethod 3293 0x00000000037b7ad0 code [0x00000000037b7f20, 0x00000000037b9488]
Event: 4.166 Thread 0x000000001763c800 3300 % !   3       com.android.tools.r8.ir.optimize.j::a @ 182 (488 bytes)
Event: 4.170 Thread 0x000000001763c800 nmethod 3300% 0x00000000037baf90 code [0x00000000037bb5a0, 0x00000000037bf428]
Event: 4.170 Thread 0x000000001763c800 3297       2       com.android.tools.r8.ir.regalloc.LinearScanRegisterAllocator::a (1756 bytes)
Event: 4.183 Thread 0x000000001763c800 nmethod 3297 0x00000000037c1510 code [0x00000000037c2120, 0x00000000037c6b78]
Event: 4.183 Thread 0x000000001763c800 3295       2       com.android.tools.r8.ir.regalloc.LinearScanRegisterAllocator::i (610 bytes)
Event: 4.196 Thread 0x000000001763c800 nmethod 3295 0x00000000037ceb90 code [0x00000000037cf180, 0x00000000037d1118]
Event: 4.196 Thread 0x000000001763c800 3306       2       com.android.tools.r8.ir.optimize.h$$Lambda$291/1235340214::test (12 bytes)
Event: 4.197 Thread 0x000000001763c800 nmethod 3306 0x00000000037d3ed0 code [0x00000000037d4020, 0x00000000037d41b0]
Event: 4.197 Thread 0x000000001763c800 3312 %     3       com.android.tools.r8.ir.optimize.h::t @ 60 (590 bytes)

GC Heap History (10 events):
Event: 1.304 GC heap before
{Heap before GC invocations=4 (full 0):
 PSYoungGen      total 38400K, used 38389K [0x00000000eab00000, 0x00000000ef600000, 0x0000000100000000)
  eden space 33280K, 100% used [0x00000000eab00000,0x00000000ecb80000,0x00000000ecb80000)
  from space 5120K, 99% used [0x00000000ecb80000,0x00000000ed07d798,0x00000000ed080000)
  to   space 5120K, 0% used [0x00000000ef100000,0x00000000ef100000,0x00000000ef600000)
 ParOldGen       total 87552K, used 27259K [0x00000000c0000000, 0x00000000c5580000, 0x00000000eab00000)
  object space 87552K, 31% used [0x00000000c0000000,0x00000000c1a9eec0,0x00000000c5580000)
 Metaspace       used 7180K, capacity 7550K, committed 7680K, reserved 1056768K
  class space    used 858K, capacity 957K, committed 1024K, reserved 1048576K
Event: 1.334 GC heap after
Heap after GC invocations=4 (full 0):
 PSYoungGen      total 71680K, used 5102K [0x00000000eab00000, 0x00000000ef600000, 0x0000000100000000)
  eden space 66560K, 0% used [0x00000000eab00000,0x00000000eab00000,0x00000000eec00000)
  from space 5120K, 99% used [0x00000000ef100000,0x00000000ef5fba80,0x00000000ef600000)
  to   space 5120K, 0% used [0x00000000eec00000,0x00000000eec00000,0x00000000ef100000)
 ParOldGen       total 87552K, used 35984K [0x00000000c0000000, 0x00000000c5580000, 0x00000000eab00000)
  object space 87552K, 41% used [0x00000000c0000000,0x00000000c2324058,0x00000000c5580000)
 Metaspace       used 7180K, capacity 7550K, committed 7680K, reserved 1056768K
  class space    used 858K, capacity 957K, committed 1024K, reserved 1048576K
}
Event: 1.521 GC heap before
{Heap before GC invocations=5 (full 0):
 PSYoungGen      total 71680K, used 71662K [0x00000000eab00000, 0x00000000ef600000, 0x0000000100000000)
  eden space 66560K, 100% used [0x00000000eab00000,0x00000000eec00000,0x00000000eec00000)
  from space 5120K, 99% used [0x00000000ef100000,0x00000000ef5fba80,0x00000000ef600000)
  to   space 5120K, 0% used [0x00000000eec00000,0x00000000eec00000,0x00000000ef100000)
 ParOldGen       total 87552K, used 35984K [0x00000000c0000000, 0x00000000c5580000, 0x00000000eab00000)
  object space 87552K, 41% used [0x00000000c0000000,0x00000000c2324058,0x00000000c5580000)
 Metaspace       used 7261K, capacity 7626K, committed 7936K, reserved 1056768K
  class space    used 858K, capacity 957K, committed 1024K, reserved 1048576K
Event: 1.544 GC heap after
Heap after GC invocations=5 (full 0):
 PSYoungGen      total 71680K, used 5088K [0x00000000eab00000, 0x00000000f5d00000, 0x0000000100000000)
  eden space 66560K, 0% used [0x00000000eab00000,0x00000000eab00000,0x00000000eec00000)
  from space 5120K, 99% used [0x00000000eec00000,0x00000000ef0f8060,0x00000000ef100000)
  to   space 24576K, 0% used [0x00000000f4500000,0x00000000f4500000,0x00000000f5d00000)
 ParOldGen       total 87552K, used 52459K [0x00000000c0000000, 0x00000000c5580000, 0x00000000eab00000)
  object space 87552K, 59% used [0x00000000c0000000,0x00000000c333ac50,0x00000000c5580000)
 Metaspace       used 7261K, capacity 7626K, committed 7936K, reserved 1056768K
  class space    used 858K, capacity 957K, committed 1024K, reserved 1048576K
}
Event: 1.904 GC heap before
{Heap before GC invocations=6 (full 0):
 PSYoungGen      total 71680K, used 71648K [0x00000000eab00000, 0x00000000f5d00000, 0x0000000100000000)
  eden space 66560K, 100% used [0x00000000eab00000,0x00000000eec00000,0x00000000eec00000)
  from space 5120K, 99% used [0x00000000eec00000,0x00000000ef0f8060,0x00000000ef100000)
  to   space 24576K, 0% used [0x00000000f4500000,0x00000000f4500000,0x00000000f5d00000)
 ParOldGen       total 87552K, used 52459K [0x00000000c0000000, 0x00000000c5580000, 0x00000000eab00000)
  object space 87552K, 59% used [0x00000000c0000000,0x00000000c333ac50,0x00000000c5580000)
 Metaspace       used 7719K, capacity 8094K, committed 8320K, reserved 1056768K
  class space    used 914K, capacity 1025K, committed 1152K, reserved 1048576K
Event: 1.925 GC heap after
Heap after GC invocations=6 (full 0):
 PSYoungGen      total 157696K, used 18497K [0x00000000eab00000, 0x00000000f5d00000, 0x0000000100000000)
  eden space 133120K, 0% used [0x00000000eab00000,0x00000000eab00000,0x00000000f2d00000)
  from space 24576K, 75% used [0x00000000f4500000,0x00000000f57107c0,0x00000000f5d00000)
  to   space 24576K, 0% used [0x00000000f2d00000,0x00000000f2d00000,0x00000000f4500000)
 ParOldGen       total 87552K, used 52467K [0x00000000c0000000, 0x00000000c5580000, 0x00000000eab00000)
  object space 87552K, 59% used [0x00000000c0000000,0x00000000c333cc50,0x00000000c5580000)
 Metaspace       used 7719K, capacity 8094K, committed 8320K, reserved 1056768K
  class space    used 914K, capacity 1025K, committed 1152K, reserved 1048576K
}
Event: 3.173 GC heap before
{Heap before GC invocations=7 (full 0):
 PSYoungGen      total 157696K, used 151617K [0x00000000eab00000, 0x00000000f5d00000, 0x0000000100000000)
  eden space 133120K, 100% used [0x00000000eab00000,0x00000000f2d00000,0x00000000f2d00000)
  from space 24576K, 75% used [0x00000000f4500000,0x00000000f57107c0,0x00000000f5d00000)
  to   space 24576K, 0% used [0x00000000f2d00000,0x00000000f2d00000,0x00000000f4500000)
 ParOldGen       total 87552K, used 52467K [0x00000000c0000000, 0x00000000c5580000, 0x00000000eab00000)
  object space 87552K, 59% used [0x00000000c0000000,0x00000000c333cc50,0x00000000c5580000)
 Metaspace       used 12514K, capacity 13422K, committed 13696K, reserved 1060864K
  class space    used 1667K, capacity 1887K, committed 1920K, reserved 1048576K
Event: 3.217 GC heap after
Heap after GC invocations=7 (full 0):
 PSYoungGen      total 157696K, used 24545K [0x00000000eab00000, 0x00000000fef00000, 0x0000000100000000)
  eden space 133120K, 0% used [0x00000000eab00000,0x00000000eab00000,0x00000000f2d00000)
  from space 24576K, 99% used [0x00000000f2d00000,0x00000000f44f86d8,0x00000000f4500000)
  to   space 32768K, 0% used [0x00000000fcf00000,0x00000000fcf00000,0x00000000fef00000)
 ParOldGen       total 87552K, used 62022K [0x00000000c0000000, 0x00000000c5580000, 0x00000000eab00000)
  object space 87552K, 70% used [0x00000000c0000000,0x00000000c3c91958,0x00000000c5580000)
 Metaspace       used 12514K, capacity 13422K, committed 13696K, reserved 1060864K
  class space    used 1667K, capacity 1887K, committed 1920K, reserved 1048576K
}
Event: 3.731 GC heap before
{Heap before GC invocations=8 (full 0):
 PSYoungGen      total 157696K, used 157665K [0x00000000eab00000, 0x00000000fef00000, 0x0000000100000000)
  eden space 133120K, 100% used [0x00000000eab00000,0x00000000f2d00000,0x00000000f2d00000)
  from space 24576K, 99% used [0x00000000f2d00000,0x00000000f44f86d8,0x00000000f4500000)
  to   space 32768K, 0% used [0x00000000fcf00000,0x00000000fcf00000,0x00000000fef00000)
 ParOldGen       total 87552K, used 62022K [0x00000000c0000000, 0x00000000c5580000, 0x00000000eab00000)
  object space 87552K, 70% used [0x00000000c0000000,0x00000000c3c91958,0x00000000c5580000)
 Metaspace       used 13276K, capacity 14214K, committed 14336K, reserved 1060864K
  class space    used 1741K, capacity 1991K, committed 2048K, reserved 1048576K
Event: 3.776 GC heap after
Heap after GC invocations=8 (full 0):
 PSYoungGen      total 297472K, used 26131K [0x00000000eab00000, 0x00000000ff200000, 0x0000000100000000)
  eden space 264704K, 0% used [0x00000000eab00000,0x00000000eab00000,0x00000000fad80000)
  from space 32768K, 79% used [0x00000000fcf00000,0x00000000fe884c80,0x00000000fef00000)
  to   space 34304K, 0% used [0x00000000fad80000,0x00000000fad80000,0x00000000fcf00000)
 ParOldGen       total 87552K, used 62934K [0x00000000c0000000, 0x00000000c5580000, 0x00000000eab00000)
  object space 87552K, 71% used [0x00000000c0000000,0x00000000c3d75958,0x00000000c5580000)
 Metaspace       used 13276K, capacity 14214K, committed 14336K, reserved 1060864K
  class space    used 1741K, capacity 1991K, committed 2048K, reserved 1048576K
}

Deoptimization events (10 events):
Event: 3.436 Thread 0x00000000187b6800 Uncommon trap: reason=unstable_if action=reinterpret pc=0x0000000003379f54 method=com.android.tools.r8.v.a.a.a.f.x0.a(ILjava/lang/Object;)Ljava/lang/Object; @ 8
Event: 3.440 Thread 0x00000000187b9000 Uncommon trap: reason=unstable_if action=reinterpret pc=0x00000000034624d4 method=com.android.tools.r8.v.a.a.a.f.x0$f.hasNext()Z @ 4
Event: 3.442 Thread 0x00000000187b6800 Uncommon trap: reason=unstable_if action=reinterpret pc=0x000000000345c514 method=com.android.tools.r8.v.a.a.a.f.c0$f.hasNext()Z @ 4
Event: 3.493 Thread 0x00000000187b6800 Uncommon trap: reason=bimorphic action=maybe_recompile pc=0x00000000030ec7ec method=java.util.Arrays.equals([Ljava/lang/Object;[Ljava/lang/Object;)Z @ 62
Event: 3.493 Thread 0x00000000187b6800 Uncommon trap: reason=bimorphic action=maybe_recompile pc=0x00000000030ec7ec method=java.util.Arrays.equals([Ljava/lang/Object;[Ljava/lang/Object;)Z @ 62
Event: 3.493 Thread 0x00000000187b6800 Uncommon trap: reason=bimorphic action=maybe_recompile pc=0x00000000030ec7ec method=java.util.Arrays.equals([Ljava/lang/Object;[Ljava/lang/Object;)Z @ 62
Event: 3.493 Thread 0x00000000187b6800 Uncommon trap: reason=bimorphic action=maybe_recompile pc=0x00000000030ec7ec method=java.util.Arrays.equals([Ljava/lang/Object;[Ljava/lang/Object;)Z @ 62
Event: 3.526 Thread 0x00000000187b9000 Uncommon trap: reason=unstable_if action=reinterpret pc=0x000000000336cd18 method=com.android.tools.r8.v.a.a.a.f.c0.get(I)Ljava/lang/Object; @ 85
Event: 3.924 Thread 0x00000000187b7800 Uncommon trap: reason=unstable_if action=reinterpret pc=0x00000000034ec1b4 method=java.util.HashMap.computeIfAbsent(Ljava/lang/Object;Ljava/util/function/Function;)Ljava/lang/Object; @ 89
Event: 3.972 Thread 0x00000000187b6800 Uncommon trap: reason=unstable_if action=reinterpret pc=0x0000000003677280 method=java.util.HashMap$HashIterator.<init>(Ljava/util/HashMap;)V @ 45

Classes redefined (0 events):
No events

Internal exceptions (10 events):
Event: 0.777 Thread 0x0000000002afe800 Implicit null exception at 0x0000000002ec1265 to 0x0000000002ec18b9
Event: 0.778 Thread 0x0000000002afe800 Implicit null exception at 0x0000000002ec7878 to 0x0000000002ec7d3d
Event: 2.861 Thread 0x00000000187b9000 Exception <a 'java/lang/NoSuchMethodError': java.lang.Object.lambda$comparingInt$7b0bb60$1(Ljava/util/function/ToIntFunction;Ljava/lang/Object;Ljava/lang/Object;)I> (0x00000000f1029278) thrown at [D:\j\worksp~1\openjd~3\jdk8u\hotspot\src\share\vm\interpre
Event: 2.861 Thread 0x00000000187b7800 Exception <a 'java/lang/NoSuchMethodError': java.lang.Object.lambda$comparingInt$7b0bb60$1(Ljava/util/function/ToIntFunction;Ljava/lang/Object;Ljava/lang/Object;)I> (0x00000000f0fb0600) thrown at [D:\j\worksp~1\openjd~3\jdk8u\hotspot\src\share\vm\interpre
Event: 2.861 Thread 0x00000000187b6800 Exception <a 'java/lang/NoSuchMethodError': java.lang.Object.lambda$comparingInt$7b0bb60$1(Ljava/util/function/ToIntFunction;Ljava/lang/Object;Ljava/lang/Object;)I> (0x00000000f0c7e630) thrown at [D:\j\worksp~1\openjd~3\jdk8u\hotspot\src\share\vm\interpre
Event: 2.861 Thread 0x00000000187b8000 Exception <a 'java/lang/NoSuchMethodError': java.lang.Object.lambda$comparingInt$7b0bb60$1(Ljava/util/function/ToIntFunction;Ljava/lang/Object;Ljava/lang/Object;)I> (0x00000000f0f19eb8) thrown at [D:\j\worksp~1\openjd~3\jdk8u\hotspot\src\share\vm\interpre
Event: 2.866 Thread 0x00000000187b6800 Exception <a 'java/lang/NoSuchMethodError': java.lang.Object.lambda$maxBy$1(Ljava/util/Comparator;Ljava/lang/Object;Ljava/lang/Object;)Ljava/lang/Object;> (0x00000000f0c89f98) thrown at [D:\j\worksp~1\openjd~3\jdk8u\hotspot\src\share\vm\interpreter\linkRe
Event: 2.866 Thread 0x00000000187b8000 Exception <a 'java/lang/NoSuchMethodError': java.lang.Object.lambda$maxBy$1(Ljava/util/Comparator;Ljava/lang/Object;Ljava/lang/Object;)Ljava/lang/Object;> (0x00000000f0f21320) thrown at [D:\j\worksp~1\openjd~3\jdk8u\hotspot\src\share\vm\interpreter\linkRe
Event: 2.974 Thread 0x00000000187b7800 Implicit null exception at 0x000000000306cbef to 0x000000000306ce35
Event: 3.336 Thread 0x00000000187b9000 Implicit null exception at 0x00000000033e22f8 to 0x00000000033eea2d

Events (10 events):
Event: 3.974 Thread 0x00000000187b8000 DEOPT PACKING pc=0x00000000030eb07e sp=0x000000001903e900
Event: 3.974 Thread 0x00000000187b8000 DEOPT UNPACKING pc=0x0000000002d475d0 sp=0x000000001903e640 mode 0
Event: 4.044 Executing VM operation: ForceSafepoint
Event: 4.053 Executing VM operation: ForceSafepoint done
Event: 4.085 Thread 0x00000000187b7800 DEOPT PACKING pc=0x00000000030b9da1 sp=0x0000000018f3e360
Event: 4.085 Thread 0x00000000187b7800 DEOPT UNPACKING pc=0x0000000002d475d0 sp=0x0000000018f3e340 mode 0
Event: 4.087 loading class com/android/tools/r8/graph/DexValue$a
Event: 4.087 loading class com/android/tools/r8/graph/DexValue$a done
Event: 4.138 Thread 0x00000000187b7800 DEOPT PACKING pc=0x000000000349e591 sp=0x0000000018f3edd0
Event: 4.138 Thread 0x00000000187b7800 DEOPT UNPACKING pc=0x0000000002d475d0 sp=0x0000000018f3eb58 mode 0


Dynamic libraries:
0x00007ff6f7a40000 - 0x00007ff6f7a75000 	C:\Program Files\Android\Jdk\microsoft_dist_openjdk_1.8.0.25\bin\java.exe
0x00007ffc12dc0000 - 0x00007ffc12fb0000 	C:\WINDOWS\SYSTEM32\ntdll.dll
0x00007ffc12470000 - 0x00007ffc12522000 	C:\WINDOWS\System32\KERNEL32.DLL
0x00007ffc108f0000 - 0x00007ffc10b95000 	C:\WINDOWS\System32\KERNELBASE.dll
0x00007ffc12cd0000 - 0x00007ffc12d73000 	C:\WINDOWS\System32\ADVAPI32.dll
0x00007ffc12530000 - 0x00007ffc125ce000 	C:\WINDOWS\System32\msvcrt.dll
0x00007ffc12bc0000 - 0x00007ffc12c57000 	C:\WINDOWS\System32\sechost.dll
0x00007ffc11170000 - 0x00007ffc1128f000 	C:\WINDOWS\System32\RPCRT4.dll
0x00007ffc112f0000 - 0x00007ffc11484000 	C:\WINDOWS\System32\USER32.dll
0x00007ffc10e40000 - 0x00007ffc10e61000 	C:\WINDOWS\System32\win32u.dll
0x00007ffc12440000 - 0x00007ffc12466000 	C:\WINDOWS\System32\GDI32.dll
0x00007ffc10ca0000 - 0x00007ffc10e38000 	C:\WINDOWS\System32\gdi32full.dll
0x00007ffc100d0000 - 0x00007ffc1016e000 	C:\WINDOWS\System32\msvcp_win.dll
0x00007ffc10ba0000 - 0x00007ffc10c9a000 	C:\WINDOWS\System32\ucrtbase.dll
0x00007ffbfbf40000 - 0x00007ffbfc1c4000 	C:\WINDOWS\WinSxS\amd64_microsoft.windows.common-controls_6595b64144ccf1df_6.0.18362.1556_none_9e7e372fe45e41d5\COMCTL32.dll
0x00007ffc125d0000 - 0x00007ffc12906000 	C:\WINDOWS\System32\combase.dll
0x00007ffc0ffe0000 - 0x00007ffc10061000 	C:\WINDOWS\System32\bcryptPrimitives.dll
0x00007ffc12a40000 - 0x00007ffc12a6e000 	C:\WINDOWS\System32\IMM32.DLL
0x0000000072c30000 - 0x0000000072d01000 	C:\Program Files\Android\Jdk\microsoft_dist_openjdk_1.8.0.25\jre\bin\msvcr100.dll
0x0000000072300000 - 0x0000000072b45000 	C:\Program Files\Android\Jdk\microsoft_dist_openjdk_1.8.0.25\jre\bin\server\jvm.dll
0x00007ffc12bb0000 - 0x00007ffc12bb8000 	C:\WINDOWS\System32\PSAPI.DLL
0x00007ffc04930000 - 0x00007ffc0493a000 	C:\WINDOWS\SYSTEM32\VERSION.dll
0x00007ffc0d640000 - 0x00007ffc0d664000 	C:\WINDOWS\SYSTEM32\WINMM.dll
0x00007ffc05590000 - 0x00007ffc05599000 	C:\WINDOWS\SYSTEM32\WSOCK32.dll
0x00007ffc123d0000 - 0x00007ffc1243f000 	C:\WINDOWS\System32\WS2_32.dll
0x00007ffc0d530000 - 0x00007ffc0d55d000 	C:\WINDOWS\SYSTEM32\winmmbase.dll
0x00007ffc0fd30000 - 0x00007ffc0fd7a000 	C:\WINDOWS\System32\cfgmgr32.dll
0x00007ffc0bdd0000 - 0x00007ffc0bddf000 	C:\Program Files\Android\Jdk\microsoft_dist_openjdk_1.8.0.25\jre\bin\verify.dll
0x00007ffc09a50000 - 0x00007ffc09a79000 	C:\Program Files\Android\Jdk\microsoft_dist_openjdk_1.8.0.25\jre\bin\java.dll
0x00007ffc08bc0000 - 0x00007ffc08bd6000 	C:\Program Files\Android\Jdk\microsoft_dist_openjdk_1.8.0.25\jre\bin\zip.dll
0x00007ffc11810000 - 0x00007ffc11ef7000 	C:\WINDOWS\System32\SHELL32.dll
0x00007ffc11760000 - 0x00007ffc11808000 	C:\WINDOWS\System32\shcore.dll
0x00007ffc10170000 - 0x00007ffc108eb000 	C:\WINDOWS\System32\windows.storage.dll
0x00007ffc0fca0000 - 0x00007ffc0fcbe000 	C:\WINDOWS\System32\profapi.dll
0x00007ffc0fcc0000 - 0x00007ffc0fd0a000 	C:\WINDOWS\System32\powrprof.dll
0x00007ffc0fc70000 - 0x00007ffc0fc80000 	C:\WINDOWS\System32\UMPDC.dll
0x00007ffc10f60000 - 0x00007ffc10fb2000 	C:\WINDOWS\System32\shlwapi.dll
0x00007ffc0fd10000 - 0x00007ffc0fd21000 	C:\WINDOWS\System32\kernel.appcore.dll
0x00007ffc0ff90000 - 0x00007ffc0ffa7000 	C:\WINDOWS\System32\cryptsp.dll
0x00007ffc084d0000 - 0x00007ffc084ea000 	C:\Program Files\Android\jdk\microsoft_dist_openjdk_1.8.0.25\jre\bin\net.dll
0x00007ffc0f450000 - 0x00007ffc0f4b7000 	C:\WINDOWS\system32\mswsock.dll
0x00007ffc084b0000 - 0x00007ffc084c1000 	C:\Program Files\Android\jdk\microsoft_dist_openjdk_1.8.0.25\jre\bin\nio.dll

VM Arguments:
jvm_args: -Xmx1G 
java_command: com.android.tools.r8.D8 --debug --min-api 21 --output obj\Debug\110\android\bin\ --lib C:\Program Files (x86)\Android\android-sdk\platforms\android-30\android.jar obj\Debug\110\android\bin\classes.zip C:\Program Files (x86)\Microsoft Visual Studio\2019\Community\Common7\IDE\ReferenceAssemblies\Microsoft\Framework\MonoAndroid\v11.0\mono.android.jar C:\Program Files (x86)\Microsoft Visual Studio\2019\Community\MSBuild\Xamarin\Android\java_runtime_fastdev.jar C:\Program Files (x86)\Microsoft\Xamarin\NuGet\xamarin.google.guava.listenablefuture\1.0.0.2\buildTransitive\monoandroid50\guava-listenablefuture.jar C:\Users\joaos\.nuget\packages\xamarin.androidx.annotation\1.1.0.9\buildTransitive\monoandroid9.0\..\..\jar\androidx.annotation.annotation.jar C:\Users\joaos\.nuget\packages\xamarin.androidx.collection\1.1.0.7\buildTransitive\monoandroid9.0\..\..\jar\androidx.collection.collection.jar C:\Users\joaos\.nuget\packages\xamarin.androidx.lifecycle.common\2.3.0.1\buildTransitive\monoandroid9.0\..\..\jar\androidx.lifecycle.lifecycle-common.jar C:\Users\joaos\.nuget\packages\xamarin.androidx.arch.core.common\2.1.0.8\buildTransitive\monoandroid9.0\..\..\jar\androidx.arch.core.core-common.jar obj\Debug\110\lp\0\jl\formsviewgroup.jar obj\Debug\110\lp\54\jl\classes.jar obj\Debug\110\lp\55\jl\classes.jar obj\Debug\110\lp\56\jl\classes.jar obj\Debug\110\lp\57\jl\classes.jar obj\Debug\110\lp\58\jl\classes.jar obj\Debug\110\lp\59\jl\classes.jar obj\Debug\110\lp\60\jl\classes.jar obj\Debug\110\lp\61\jl\classes.jar obj\Debug\110\lp\62\jl\classes.jar obj\Debug\110\lp\63\jl\classes.jar obj\Debug\110\lp\64\jl\classes.jar obj\Debug\110\lp\65\jl\classes.jar obj\Debug\110\lp\66\jl\classes.jar obj\Debug\110\lp\67\jl\classes.jar obj\Debug\110\lp\68\jl\classes.jar obj\Debug\110\lp\69\jl\classes.jar obj\Debug\110\lp\70\jl\classes.jar obj\Debug\110\lp\71\jl\classes.jar obj\Debug\110\lp\72\jl\classes.jar obj\Debug\110\lp\73\jl\classes.jar obj\Debug\110\lp\74\jl\classes.jar obj\Debu
java_class_path (initial): C:\Program Files (x86)\Microsoft Visual Studio\2019\Community\MSBuild\Xamarin\Android\r8.jar
Launcher Type: SUN_STANDARD

Environment Variables:
PATH=C:\Program Files\Android\Jdk\microsoft_dist_openjdk_1.8.0.25\bin;C:\Program Files (x86)\Razer Chroma SDK\bin;C:\Program Files\Razer Chroma SDK\bin;C:\Program Files (x86)\Razer\ChromaBroadcast\bin;C:\Program Files\Razer\ChromaBroadcast\bin;C:\Windows\system32;C:\Windows;C:\Windows\System32\Wbem;C:\Windows\System32\WindowsPowerShell\v1.0\;C:\Windows\System32\OpenSSH\;C:\Program Files (x86)\NVIDIA Corporation\PhysX\Common;C:\Program Files\NVIDIA Corporation\NVIDIA NvDLISR;C:\Program Files\Common Files\Autodesk Shared\;C:\Program Files\Microsoft SQL Server\130\Tools\Binn\;C:\WINDOWS\system32;C:\WINDOWS;C:\WINDOWS\System32\Wbem;C:\WINDOWS\System32\WindowsPowerShell\v1.0\;C:\WINDOWS\System32\OpenSSH\;C:\WINDOWS\system32\config\systemprofile\AppData\Local\Microsoft\WindowsApps;C:\Program Files\Git\cmd;C:\Program Files\nodejs\;C:\Program Files\dotnet\;C:\Program Files\Microsoft SQL Server\Client SDK\ODBC\170\Tools\Binn\;C:\Users\joaos\AppData\Local\Microsoft\WindowsApps;C:\Users\joaos\AppData\Local\Programs\Microsoft VS Code\bin;C:\Users\joaos\AppData\Roaming\npm;C:\Users\joaos\.dotnet\tools
USERNAME=joaos
OS=Windows_NT
PROCESSOR_IDENTIFIER=Intel64 Family 6 Model 158 Stepping 10, GenuineIntel



---------------  S Y S T E M  ---------------

OS: Windows 10.0 , 64 bit Build 18362 (10.0.18362.1500)

CPU:total 8 (initial active 8) (4 cores per cpu, 2 threads per core) family 6 model 158 stepping 10, cmov, cx8, fxsr, mmx, sse, sse2, sse3, ssse3, sse4.1, sse4.2, popcnt, avx, avx2, aes, clmul, erms, 3dnowpref, lzcnt, ht, tsc, tscinvbit, bmi1, bmi2, adx

Memory: 4k page, physical 8265972k(823344k free), swap 18594236k(5732k free)

vm_info: OpenJDK 64-Bit Server VM (25.71-b00) for windows-amd64 JRE (1.8.0-25-microsoft-b00), built on Feb  7 2019 20:09:14 by "builder" with MS VC++ 10.0 (VS2010)

time: Sat Aug 28 19:17:19 2021
timezone: Hora de Verão de GMT
elapsed time: 4 seconds (0d 0h 0m 4s)

